生成启动时间为 2023/7/26 0:22:21。
     1>项目“D:\code\三目运算实现判断大写\三目运算实现判断大写\三目运算实现判断大写.vcxproj”在节点 2 上(build 个目标)。
     1>InitializeBuildStatus:
         正在创建“Debug\三目运算实现判断大写.unsuccessfulbuild”，因为已指定“AlwaysCreate”。
       ClCompile:
         d:\VC2010\VC\bin\CL.exe /c /Zi /clr /nologo /W3 /WX- /Od /Oy- /D _UNICODE /D UNICODE /Gm- /EHa /MDd /GS /fp:precise /Zc:wchar_t /Zc:forScope /Fo"Debug\\" /Fd"Debug\vc100.pdb" /Gd /TP /FU"C:\Program Files (x86)\Reference Assemblies\Microsoft\Framework\.NETFramework\v4.0\System.Core.dll" /FU"C:\Program Files (x86)\Reference Assemblies\Microsoft\Framework\.NETFramework\v4.0\System.Data.dll" /FU"C:\Program Files (x86)\Reference Assemblies\Microsoft\Framework\.NETFramework\v4.0\System.dll" /FU"C:\Program Files (x86)\Reference Assemblies\Microsoft\Framework\.NETFramework\v4.0\System.Drawing.dll" /FU"C:\Program Files (x86)\Reference Assemblies\Microsoft\Framework\.NETFramework\v4.0\System.Windows.Forms.dll" /FU"C:\Program Files (x86)\Reference Assemblies\Microsoft\Framework\.NETFramework\v4.0\System.Xml.dll" /analyze- /errorReport:prompt "判断大写.cpp"
         判断大写.cpp
     1>c:\program files (x86)\reference assemblies\microsoft\framework\.netframework\v4.0\system.core.dll : warning C4945: “ExtensionAttribute”: 无法从“c:\program files (x86)\reference assemblies\microsoft\framework\.netframework\v4.0\system.core.dll”导入符号: 因为“System::Runtime::CompilerServices::ExtensionAttribute”已从另一个程序集“mscorlib”导入
                 c:\windows\microsoft.net\framework\v4.0.30319\mscorlib.dll : 参见“System::Runtime::CompilerServices::ExtensionAttribute”的声明
                 使用最先看到的类型；重新排列导入程序集的顺序以使用当前类型
                 在导入类型“System.Runtime.CompilerServices.ExtensionAttribute”(从程序集“System.Core, Version=4.0.0.0, Culture=neutral, PublicKeyToken=b77a5c561934e089”中导入)时发生此诊断。
     1>判断大写.cpp(7): warning C4996: 'scanf': This function or variable may be unsafe. Consider using scanf_s instead. To disable deprecation, use _CRT_SECURE_NO_WARNINGS. See online help for details.
                 d:\VC2010\VC\include\stdio.h(304) : 参见“scanf”的声明
       Link:
         d:\VC2010\VC\bin\link.exe /ERRORREPORT:PROMPT /OUT:"D:\code\三目运算实现判断大写\Debug\三目运算实现判断大写.exe" /NOLOGO kernel32.lib user32.lib gdi32.lib winspool.lib comdlg32.lib advapi32.lib shell32.lib ole32.lib oleaut32.lib uuid.lib odbc32.lib odbccp32.lib /MANIFEST /ManifestFile:"Debug\三目运算实现判断大写.exe.intermediate.manifest" /MANIFESTUAC:"level='asInvoker' uiAccess='false'" /DEBUG /PDB:"D:\code\三目运算实现判断大写\Debug\三目运算实现判断大写.pdb" /SUBSYSTEM:CONSOLE /TLBID:1 /DYNAMICBASE /NXCOMPAT /IMPLIB:"D:\code\三目运算实现判断大写\Debug\三目运算实现判断大写.lib" /MACHINE:X86 "Debug\判断大写.obj"
         三目运算实现判断大写.vcxproj -> D:\code\三目运算实现判断大写\Debug\三目运算实现判断大写.exe
       Manifest:
         C:\Program Files (x86)\Microsoft SDKs\Windows\v7.0A\bin\mt.exe /nologo /verbose /outputresource:"D:\code\三目运算实现判断大写\Debug\三目运算实现判断大写.exe;#1" /manifest "Debug\三目运算实现判断大写.exe.intermediate.manifest"
       FinalizeBuildStatus:
         正在删除文件“Debug\三目运算实现判断大写.unsuccessfulbuild”。
         正在对“Debug\三目运算实现判断大写.lastbuildstate”执行 Touch 任务。
     1>已完成生成项目“D:\code\三目运算实现判断大写\三目运算实现判断大写\三目运算实现判断大写.vcxproj”(build 个目标)的操作。

生成成功。

已用时间 00:00:01.09
